@ mpartial.PartialsMacro.init
 177 default targets, [neko]
 178 custom targets, []
 179 final targets, [neko]
@ mpartial.parser.PartialClassParser.new
  84 class MainWindow
 100 implements Partial :true
@ mpartial.parser.PartialClassParser.build
 134 hasMetaPartials, true
 137 metaPartialTypes, [Instance,System]
@ mpartial.parser.PartialClassParser.compilePartialFragment
 225 fragment, Instance
@ mpartial.parser.FragmentClassParser.new
  25 class Instance
@ mpartial.parser.FragmentClassParser.qualifyCIdentEField
 152 UIBuilder: [ru,stablex,ui,UIBuilder]
     UIBuilder: [ru,stablex,ui,UIBuilder]
     UIBuilder: [ru,stablex,ui,UIBuilder]
     UIBuilder: [ru,stablex,ui,UIBuilder]
@ mpartial.parser.PartialClassParser.compilePartialFragment
 238 TInst(Instance,[])
@ mpartial.parser.PartialClassParser.appendFields
 367 append, mainWnd
@ mpartial.parser.PartialClassParser.appendProperty
 395 exists, false
@ mpartial.parser.PartialClassParser.appendFields
 367 append, newXmlBtn
@ mpartial.parser.PartialClassParser.appendProperty
 395 exists, false
@ mpartial.parser.PartialClassParser.appendFields
 367 append, loadXmlBtn
@ mpartial.parser.PartialClassParser.appendProperty
 395 exists, false
@ mpartial.parser.PartialClassParser.appendFields
 367 append, saveXmlBtn
@ mpartial.parser.PartialClassParser.appendProperty
 395 exists, false
@ mpartial.parser.PartialClassParser.appendFields
 367 append, designerTabs
@ mpartial.parser.PartialClassParser.appendProperty
 395 exists, false
@ mpartial.parser.PartialClassParser.appendFields
 367 append, tabProject
@ mpartial.parser.PartialClassParser.appendProperty
 395 exists, false
@ mpartial.parser.PartialClassParser.appendFields
 367 append, tabDesigner
@ mpartial.parser.PartialClassParser.appendProperty
 395 exists, false
@ mpartial.parser.PartialClassParser.appendFields
 367 append, tabXml
@ mpartial.parser.PartialClassParser.appendProperty
 395 exists, false
@ mpartial.parser.PartialClassParser.appendFields
 367 append, wgtSrcActNoth
@ mpartial.parser.PartialClassParser.appendProperty
 395 exists, false
@ mpartial.parser.PartialClassParser.appendFields
 367 append, wgtSrcActLink
@ mpartial.parser.PartialClassParser.appendProperty
 395 exists, false
@ mpartial.parser.PartialClassParser.appendFields
 367 append, wgtLimeProjPath
@ mpartial.parser.PartialClassParser.appendProperty
 395 exists, false
@ mpartial.parser.PartialClassParser.appendFields
 367 append, wgtSrcActCopy
@ mpartial.parser.PartialClassParser.appendProperty
 395 exists, false
@ mpartial.parser.PartialClassParser.appendFields
 367 append, wgtSrcDirPath
@ mpartial.parser.PartialClassParser.appendProperty
 395 exists, false
@ mpartial.parser.PartialClassParser.appendFields
 367 append, wgtMakeUiInst
@ mpartial.parser.PartialClassParser.appendProperty
 395 exists, false
@ mpartial.parser.PartialClassParser.appendFields
 367 append, wgtInstPath
@ mpartial.parser.PartialClassParser.appendProperty
 395 exists, false
@ mpartial.parser.PartialClassParser.appendFields
 367 append, mainWndWidth
@ mpartial.parser.PartialClassParser.appendProperty
 395 exists, false
@ mpartial.parser.PartialClassParser.appendFields
 367 append, mainWndHeight
@ mpartial.parser.PartialClassParser.appendProperty
 395 exists, false
@ mpartial.parser.PartialClassParser.appendFields
 367 append, mainWndFixedSize
@ mpartial.parser.PartialClassParser.appendProperty
 395 exists, false
@ mpartial.parser.PartialClassParser.appendFields
 367 append, mainWndLst
@ mpartial.parser.PartialClassParser.appendProperty
 395 exists, false
@ mpartial.parser.PartialClassParser.appendFields
 367 append, wgtMainWndContainer
@ mpartial.parser.PartialClassParser.appendProperty
 395 exists, false
@ mpartial.parser.PartialClassParser.appendFields
 367 append, wgtGuiElements
@ mpartial.parser.PartialClassParser.appendProperty
 395 exists, false
@ mpartial.parser.PartialClassParser.appendFields
 367 append, wgtMainWnd
@ mpartial.parser.PartialClassParser.appendProperty
 395 exists, false
@ mpartial.parser.PartialClassParser.appendFields
 367 append, wgtGroupsLst
@ mpartial.parser.PartialClassParser.appendProperty
 395 exists, false
@ mpartial.parser.PartialClassParser.appendFields
 367 append, wlSelectBtn
@ mpartial.parser.PartialClassParser.appendProperty
 395 exists, false
@ mpartial.parser.PartialClassParser.appendFields
 367 append, wlDeleteBtn
@ mpartial.parser.PartialClassParser.appendProperty
 395 exists, false
@ mpartial.parser.PartialClassParser.appendFields
 367 append, wgtsLst
@ mpartial.parser.PartialClassParser.appendProperty
 395 exists, false
@ mpartial.parser.PartialClassParser.appendFields
 367 append, wgtsPropsLst
@ mpartial.parser.PartialClassParser.appendProperty
 395 exists, false
@ mpartial.parser.PartialClassParser.appendFields
 367 append, showWgtPropsBtn
@ mpartial.parser.PartialClassParser.appendProperty
 395 exists, false
@ mpartial.parser.PartialClassParser.appendFields
 367 append, showEditWgtPropBtn
@ mpartial.parser.PartialClassParser.appendProperty
 395 exists, false
@ mpartial.parser.PartialClassParser.appendFields
 367 append, deleteWgtPropBtn
@ mpartial.parser.PartialClassParser.appendProperty
 395 exists, false
@ mpartial.parser.PartialClassParser.appendFields
 367 append, wgtPropWnd
@ mpartial.parser.PartialClassParser.appendProperty
 395 exists, false
@ mpartial.parser.PartialClassParser.appendFields
 367 append, wgtPropTypesLst
@ mpartial.parser.PartialClassParser.appendProperty
 395 exists, false
@ mpartial.parser.PartialClassParser.appendFields
 367 append, wgtPropNamesLst
@ mpartial.parser.PartialClassParser.appendProperty
 395 exists, false
@ mpartial.parser.PartialClassParser.appendFields
 367 append, wgtAddPropBtn
@ mpartial.parser.PartialClassParser.appendProperty
 395 exists, false
@ mpartial.parser.PartialClassParser.appendFields
 367 append, wgtPropsMap
@ mpartial.parser.PartialClassParser.appendProperty
 395 exists, false
@ mpartial.parser.PartialClassParser.appendFields
 367 append, wgtEditPropWnd
@ mpartial.parser.PartialClassParser.appendProperty
 395 exists, false
@ mpartial.parser.PartialClassParser.appendFields
 367 append, editPropName
@ mpartial.parser.PartialClassParser.appendProperty
 395 exists, false
@ mpartial.parser.PartialClassParser.appendFields
 367 append, editPropValue
@ mpartial.parser.PartialClassParser.appendProperty
 395 exists, false
@ mpartial.parser.PartialClassParser.appendFields
 367 append, editPropValueSaveBtn
@ mpartial.parser.PartialClassParser.appendProperty
 395 exists, false
@ mpartial.parser.PartialClassParser.appendFields
 367 append, xmlSource
@ mpartial.parser.PartialClassParser.appendProperty
 395 exists, false
@ mpartial.parser.PartialClassParser.appendFields
 367 append, setupInstance
@ mpartial.parser.PartialClassParser.compilePartialFragment
 225 fragment, System
@ mpartial.parser.FragmentClassParser.new
  25 class System
@ mpartial.parser.FragmentClassParser.qualifyCIdentEField
 152 Xml: [Xml]
     Xml: [Xml]
     Std: [Std]
     Std: [Std]
     Xml: [Xml]
     Xml: [Xml]
     Std: [Std]
     Std: [Std]
     Event: [openfl,events,Event]
     WidgetEvent: [ru,stablex,ui,events,WidgetEvent]
     Type: [Type]
     MouseEvent: [openfl,events,MouseEvent]
     MouseEvent: [openfl,events,MouseEvent]
     MouseEvent: [openfl,events,MouseEvent]
     MouseEvent: [openfl,events,MouseEvent]
     Type: [Type]
     Type: [Type]
     MouseEvent: [openfl,events,MouseEvent]
     MouseEvent: [openfl,events,MouseEvent]
     MouseEvent: [openfl,events,MouseEvent]
     Type: [Type]
     MouseEvent: [openfl,events,MouseEvent]
     MouseEvent: [openfl,events,MouseEvent]
     Type: [Type]
     Std: [Std]
     Type: [Type]
     Type: [Type]
     Type: [Type]
     Reflect: [Reflect]
     Std: [Std]
     MouseEvent: [openfl,events,MouseEvent]
@ mpartial.parser.PartialClassParser.compilePartialFragment
 238 TInst(System,[])
@ mpartial.parser.PartialClassParser.appendFields
 367 append, mainWndXml
@ mpartial.parser.PartialClassParser.appendProperty
 395 exists, false
@ mpartial.parser.PartialClassParser.appendFields
 367 append, mainWndGuiXml
@ mpartial.parser.PartialClassParser.appendProperty
 395 exists, false
@ mpartial.parser.PartialClassParser.appendFields
 367 append, mainWndData
@ mpartial.parser.PartialClassParser.appendProperty
 395 exists, false
@ mpartial.parser.PartialClassParser.appendFields
 367 append, wgtXmlReg
@ mpartial.parser.PartialClassParser.appendProperty
 395 exists, false
@ mpartial.parser.PartialClassParser.appendFields
 367 append, selWgtXml
@ mpartial.parser.PartialClassParser.appendProperty
 395 exists, false
@ mpartial.parser.PartialClassParser.appendFields
 367 append, moveWgt
@ mpartial.parser.PartialClassParser.appendProperty
 395 exists, false
@ mpartial.parser.PartialClassParser.appendFields
 367 append, moveWgtY
@ mpartial.parser.PartialClassParser.appendProperty
 395 exists, false
@ mpartial.parser.PartialClassParser.appendFields
 367 append, moveWgtX
@ mpartial.parser.PartialClassParser.appendProperty
 395 exists, false
@ mpartial.parser.PartialClassParser.appendFields
 367 append, uiDirPath
@ mpartial.parser.PartialClassParser.appendProperty
 395 exists, false
@ mpartial.parser.PartialClassParser.appendFields
 367 append, uiXmlPath
@ mpartial.parser.PartialClassParser.appendProperty
 395 exists, false
@ mpartial.parser.PartialClassParser.appendFields
 367 append, parseXml
     append, printXml
     append, saveUiSettingsToXml
     append, loadUiSettingsFromXml
     append, isBox
     append, setWgtEventHandlers
     append, loadUiFromXml
     append, loadUiFromFile
     append, saveUiToFile
     append, deleteWidget
     append, showWgtPropList
     append, setWgtProperty
     append, addPropRow
@ mpartial.parser.PartialClassParser.new
  84 class DocumentClass
 100 implements Partial :false
